Arguments: 
  C:\Program Files\nodejs\node.exe C:\Users\renan\AppData\Roaming\npm\node_modules\yarn\bin\yarn.js dev

PATH: 
  C:\Users\renan\bin;C:\Program Files\Git\mingw64\bin;C:\Program Files\Git\usr\local\bin;C:\Program Files\Git\usr\bin;C:\Program Files\Git\usr\bin;C:\Program Files\Git\mingw64\bin;C:\Program Files\Git\usr\bin;C:\Users\renan\bin;C:\Windows\system32;C:\Windows;C:\Windows\System32\Wbem;C:\Windows\System32\WindowsPowerShell\v1.0;C:\Windows\System32\OpenSSH;C:\Program Files\Git\cmd;C:\Program Files\nodejs;C:\Program Files\Docker\Docker\resources\bin;C:\Program Files\PostgreSQL\15\bin;C:\Users\renan\AppData\Local\Programs\Python\Python311\Scripts;C:\Users\renan\AppData\Local\Programs\Python\Python311;C:\Users\renan\AppData\Local\Microsoft\WindowsApps;C:\Users\renan\AppData\Local\Programs\Microsoft VS Code\bin;C:\Users\renan\AppData\Roaming\npm;C:\sqlite3;C:\Program Files\heroku\bin;C:\Program Files\Git\usr\bin\vendor_perl;C:\Program Files\Git\usr\bin\core_perl

Yarn version: 
  1.22.19

Node version: 
  18.17.1

Platform: 
  win32 x64

Trace: 
  Invariant Violation: Script must exist
      at invariant (C:\Users\renan\AppData\Roaming\npm\node_modules\yarn\lib\cli.js:2318:15)
      at C:\Users\renan\AppData\Roaming\npm\node_modules\yarn\lib\cli.js:61545:11
      at Generator.next (<anonymous>)
      at step (C:\Users\renan\AppData\Roaming\npm\node_modules\yarn\lib\cli.js:310:30)
      at C:\Users\renan\AppData\Roaming\npm\node_modules\yarn\lib\cli.js:328:14
      at new Promise (<anonymous>)
      at new F (C:\Users\renan\AppData\Roaming\npm\node_modules\yarn\lib\cli.js:5305:28)
      at C:\Users\renan\AppData\Roaming\npm\node_modules\yarn\lib\cli.js:307:12
      at realRunCommand (C:\Users\renan\AppData\Roaming\npm\node_modules\yarn\lib\cli.js:61630:23)
      at action.action (C:\Users\renan\AppData\Roaming\npm\node_modules\yarn\lib\cli.js:61691:16)

npm manifest: 
  {
    "name": "lar-eletro-service",
    "version": "1.0.0",
    "description": "",
    "main": "index.js",
    "scripts": {
      "dev": "",
      "test": "echo \"Error: no test specified\" && exit 1"
    },
    "keywords": [],
    "author": "ts-node-dev --respawn --transpile-only src/server.ts",
    "license": "ISC",
    "devDependencies": {
      "@types/cors": "^2.8.14",
      "typescript": "^5.2.2"
    },
    "dependencies": {
      "@types/express": "^4.17.17",
      "cors": "^2.8.5",
      "express": "^4.18.2",
      "mongodb": "^6.1.0",
      "mongoose": "^7.5.2",
      "ts-node-dev": "^2.0.0"
    }
  }

yarn manifest: 
  No manifest

Lockfile: 
  No lockfile
